<?xml version="1.0" encoding="utf-8"?><testsuites name="pytest tests"><testsuite name="pytest" errors="0" failures="0" skipped="0" tests="20" time="9.028" timestamp="2026-03-02T14:03:55.118833+00:00" hostname="agent-env-21e45b84-323f-4a0b-b477-003145a6ae54"><testcase classname="tests.test_v1_locked_overview.TestV1AuditEndpoint" name="test_v1_audit_returns_all_pass" time="0.172" /><testcase classname="tests.test_v1_locked_overview.TestV1AuditEndpoint" name="test_v1_audit_all_checks_pass" time="0.165" /><testcase classname="tests.test_v1_locked_overview.TestOverviewSPX" name="test_spx_overview_returns_correct_asset" time="0.844" /><testcase classname="tests.test_v1_locked_overview.TestOverviewSPX" name="test_spx_overview_has_charts_data" time="0.844" /><testcase classname="tests.test_v1_locked_overview.TestOverviewSPX" name="test_spx_overview_has_verdict" time="0.769" /><testcase classname="tests.test_v1_locked_overview.TestOverviewBTC" name="test_btc_overview_returns_correct_asset" time="0.740" /><testcase classname="tests.test_v1_locked_overview.TestOverviewBTC" name="test_btc_overview_has_charts_data" time="0.712" /><testcase classname="tests.test_v1_locked_overview.TestOverviewBTC" name="test_btc_overview_uses_crossasset" time="0.152" /><testcase classname="tests.test_v1_locked_overview.TestOverviewDXY" name="test_dxy_overview_returns_correct_asset" time="0.780" /><testcase classname="tests.test_v1_locked_overview.TestOverviewDXY" name="test_dxy_overview_has_charts_data" time="0.784" /><testcase classname="tests.test_v1_locked_overview.TestOverviewDXY" name="test_dxy_values_in_correct_range" time="0.771" /><testcase classname="tests.test_v1_locked_overview.TestSnapshotGenerators" name="test_btc_crossasset_generator_works" time="0.376" /><testcase classname="tests.test_v1_locked_overview.TestSnapshotGenerators" name="test_dxy_snapshot_generator_works" time="0.804" /><testcase classname="tests.test_v1_locked_overview.TestHistoryStartDate" name="test_btc_history_starts_from_fixed_date" time="0.160" /><testcase classname="tests.test_v1_locked_overview.TestHistoryStartDate" name="test_spx_history_starts_from_fixed_date" time="0.133" /><testcase classname="tests.test_v1_locked_overview.TestHistoryStartDate" name="test_dxy_history_starts_from_fixed_date" time="0.143" /><testcase classname="tests.test_v1_locked_overview.TestAnchorLock" name="test_btc_anchor_lock" time="0.138" /><testcase classname="tests.test_v1_locked_overview.TestAnchorLock" name="test_spx_anchor_lock" time="0.157" /><testcase classname="tests.test_v1_locked_overview.TestAnchorLock" name="test_dxy_anchor_lock" time="0.131" /><testcase classname="tests.test_v1_locked_overview.TestHealthEndpoint" name="test_health_endpoint" time="0.133" /></testsuite></testsuites>